app/build/intermediates/manifest_merge_blame_file/debug/manifest-merger-blame-debug-report.txt
1<?xml version="1.0" encoding="utf-8"?>
2<manifest xmlns:android="http://schemas.android.com/apk/res/android"
3    package="com.mobai.uniapp"
4    android:versionCode="1"
5    android:versionName="1.0" >
6
7    <uses-sdk
8        android:minSdkVersion="21"
8-->src/main/AndroidManifest.xml
9        android:targetSdkVersion="21" />
9-->src/main/AndroidManifest.xml
10
11    <supports-screens
11-->src/main/AndroidManifest.xml:5:5-10:39
12        android:anyDensity="true"
12-->src/main/AndroidManifest.xml:6:9-34
13        android:largeScreens="true"
13-->src/main/AndroidManifest.xml:7:9-36
14        android:normalScreens="true"
14-->src/main/AndroidManifest.xml:8:9-37
15        android:resizeable="true"
15-->src/main/AndroidManifest.xml:9:9-34
16        android:smallScreens="true" />
16-->src/main/AndroidManifest.xml:10:9-36
17
18    <!-- Barcode(二维码)  begin -->
19    <uses-permission android:name="android.permission.CAMERA" />
19-->src/main/AndroidManifest.xml:13:5-65
19-->src/main/AndroidManifest.xml:13:22-62
20    <uses-permission android:name="android.permission.WRITE_EXTERNAL_STORAGE" />
20-->src/main/AndroidManifest.xml:14:5-81
20-->src/main/AndroidManifest.xml:14:22-78
21
22    <uses-feature android:name="android.hardware.camera" />
22-->src/main/AndroidManifest.xml:16:5-60
22-->src/main/AndroidManifest.xml:16:19-57
23    <uses-feature android:name="android.hardware.camera.autofocus" />
23-->src/main/AndroidManifest.xml:17:5-70
23-->src/main/AndroidManifest.xml:17:19-67
24
25    <uses-permission android:name="android.permission.VIBRATE" />
25-->src/main/AndroidManifest.xml:19:5-66
25-->src/main/AndroidManifest.xml:19:22-63
26    <uses-permission android:name="android.permission.FLASHLIGHT" />
26-->src/main/AndroidManifest.xml:20:5-69
26-->src/main/AndroidManifest.xml:20:22-66
27    <uses-permission android:name="android.permission.INTERNET" />
27-->[lib.5plus.base-release.aar] AndroidManifest.xml:17:5-67
27-->[lib.5plus.base-release.aar] AndroidManifest.xml:17:22-64
28    <uses-permission android:name="android.permission.ACCESS_NETWORK_STATE" />
28-->[lib.5plus.base-release.aar] AndroidManifest.xml:18:5-79
28-->[lib.5plus.base-release.aar] AndroidManifest.xml:18:22-76
29    <!--
30    <uses-permission
31        android:name="com.android.launcher.permission.UNINSTALL_SHORTCUT" />
32    -->
33    <!-- 华为修改角标需要设置权限 -->
34    <uses-permission android:name="com.huawei.android.launcher.permission.CHANGE_BADGE" /> <!-- vivo 修改角标需要设置权限 -->
34-->[lib.5plus.base-release.aar] AndroidManifest.xml:24:5-91
34-->[lib.5plus.base-release.aar] AndroidManifest.xml:24:22-88
35    <uses-permission android:name="com.vivo.notification.permission.BADGE_ICON" />
35-->[lib.5plus.base-release.aar] AndroidManifest.xml:26:5-83
35-->[lib.5plus.base-release.aar] AndroidManifest.xml:26:22-80
36
37    <queries>
37-->[lib.5plus.base-release.aar] AndroidManifest.xml:28:5-37:15
38        <intent>
38-->[lib.5plus.base-release.aar] AndroidManifest.xml:29:9-31:18
39            <action android:name="android.intent.action.MAIN" />
39-->src/main/AndroidManifest.xml:53:17-68
39-->src/main/AndroidManifest.xml:53:25-66
40        </intent>
41        <intent>
41-->[lib.5plus.base-release.aar] AndroidManifest.xml:32:9-36:18
42            <action android:name="android.intent.action.VIEW" />
42-->src/main/AndroidManifest.xml:42:17-68
42-->src/main/AndroidManifest.xml:42:25-66
43
44            <category android:name="android.intent.category.DEFAULT" />
44-->src/main/AndroidManifest.xml:44:17-75
44-->src/main/AndroidManifest.xml:44:27-73
45        </intent>
46    </queries>
47
48    <uses-permission android:name="android.permission.READ_EXTERNAL_STORAGE" />
49    <uses-permission android:name="com.asus.msa.SupplementaryDID.ACCESS" />
49-->[oaid_sdk_1.0.25.aar] AndroidManifest.xml:13:5-76
49-->[oaid_sdk_1.0.25.aar] AndroidManifest.xml:13:22-73
50    <uses-permission android:name="freemme.permission.msa" /> <!-- Barcode(二维码)  end -->
50-->[oaid_sdk_1.0.25.aar] AndroidManifest.xml:15:5-62
50-->[oaid_sdk_1.0.25.aar] AndroidManifest.xml:15:22-59
51    <application
51-->src/main/AndroidManifest.xml:23:5-97:19
52        android:name="io.dcloud.application.DCloudApplication"
52-->src/main/AndroidManifest.xml:24:9-63
53        android:allowBackup="true"
53-->src/main/AndroidManifest.xml:25:9-35
54        android:allowClearUserData="true"
54-->src/main/AndroidManifest.xml:26:9-42
55        android:appComponentFactory="androidx.core.app.CoreComponentFactory"
55-->[androidx.core:core:1.0.0] AndroidManifest.xml:22:18-86
56        android:debuggable="true"
56-->src/main/AndroidManifest.xml:30:9-34
57        android:extractNativeLibs="true"
57-->[uniapp-v8-release.aar] AndroidManifest.xml:29:18-50
58        android:icon="@drawable/icon"
58-->src/main/AndroidManifest.xml:27:9-38
59        android:label="@string/app_name"
59-->src/main/AndroidManifest.xml:28:9-41
60        android:largeHeap="true"
60-->src/main/AndroidManifest.xml:29:9-33
61        android:supportsRtl="true"
61-->src/main/AndroidManifest.xml:31:9-35
62        android:usesCleartextTraffic="true" >
62-->[lib.5plus.base-release.aar] AndroidManifest.xml:172:9-44
63
64        <!-- 应用入口 -->
65        <activity
65-->src/main/AndroidManifest.xml:34:9-56:20
66            android:name="io.dcloud.PandoraEntry"
66-->src/main/AndroidManifest.xml:35:13-50
67            android:configChanges="orientation|keyboardHidden|screenSize|mcc|mnc|fontScale"
67-->src/main/AndroidManifest.xml:37:13-92
68            android:hardwareAccelerated="true"
68-->src/main/AndroidManifest.xml:38:13-47
69            android:theme="@style/TranslucentTheme"
69-->src/main/AndroidManifest.xml:36:13-52
70            android:windowSoftInputMode="adjustResize" >
70-->src/main/AndroidManifest.xml:39:13-55
71            <intent-filter>
71-->src/main/AndroidManifest.xml:40:13-46:29
72                <data android:scheme="hbuilder" />
72-->src/main/AndroidManifest.xml:41:17-50
72-->src/main/AndroidManifest.xml:41:23-48
73
74                <action android:name="android.intent.action.VIEW" />
74-->src/main/AndroidManifest.xml:42:17-68
74-->src/main/AndroidManifest.xml:42:25-66
75
76                <category android:name="android.intent.category.DEFAULT" />
76-->src/main/AndroidManifest.xml:44:17-75
76-->src/main/AndroidManifest.xml:44:27-73
77                <category android:name="android.intent.category.BROWSABLE" />
77-->src/main/AndroidManifest.xml:45:17-77
77-->src/main/AndroidManifest.xml:45:27-75
78            </intent-filter>
79            <intent-filter>
79-->src/main/AndroidManifest.xml:47:13-51:29
80                <data android:mimeType="image/*" />
80-->src/main/AndroidManifest.xml:41:17-50
80-->src/main/AndroidManifest.xml:48:23-49
81
82                <action android:name="android.intent.action.SEND" />
82-->src/main/AndroidManifest.xml:49:17-68
82-->src/main/AndroidManifest.xml:49:25-66
83
84                <category android:name="android.intent.category.DEFAULT" />
84-->src/main/AndroidManifest.xml:44:17-75
84-->src/main/AndroidManifest.xml:44:27-73
85            </intent-filter>
86            <intent-filter>
86-->src/main/AndroidManifest.xml:52:13-55:29
87                <action android:name="android.intent.action.MAIN" />
87-->src/main/AndroidManifest.xml:53:17-68
87-->src/main/AndroidManifest.xml:53:25-66
88
89                <category android:name="android.intent.category.LAUNCHER" />
89-->src/main/AndroidManifest.xml:54:17-76
89-->src/main/AndroidManifest.xml:54:27-74
90            </intent-filter>
91        </activity>
92
93        <meta-data
93-->src/main/AndroidManifest.xml:57:9-58:35
94            android:name="dcloud_uninview_background"
94-->src/main/AndroidManifest.xml:57:20-61
95            android:value="true" />
95-->src/main/AndroidManifest.xml:58:13-33
96
97        <activity
97-->src/main/AndroidManifest.xml:60:9-84:20
98            android:name="io.dcloud.PandoraEntryActivity"
98-->src/main/AndroidManifest.xml:61:13-58
99            android:configChanges="orientation|keyboardHidden|screenSize|mcc|mnc|fontScale|keyboard|smallestScreenSize|screenLayout|screenSize"
99-->src/main/AndroidManifest.xml:63:13-144
100            android:hardwareAccelerated="true"
100-->src/main/AndroidManifest.xml:64:13-47
101            android:launchMode="singleTask"
101-->src/main/AndroidManifest.xml:62:13-44
102            android:permission="com.miui.securitycenter.permission.AppPermissionsEditor"
102-->src/main/AndroidManifest.xml:65:13-89
103            android:screenOrientation="user"
103-->src/main/AndroidManifest.xml:66:13-45
104            android:theme="@style/DCloudTheme"
104-->src/main/AndroidManifest.xml:67:13-47
105            android:windowSoftInputMode="adjustResize" >
105-->src/main/AndroidManifest.xml:68:13-55
106            <intent-filter>
106-->src/main/AndroidManifest.xml:70:13-83:29
107                <category android:name="android.intent.category.DEFAULT" />
107-->src/main/AndroidManifest.xml:44:17-75
107-->src/main/AndroidManifest.xml:44:27-73
108                <category android:name="android.intent.category.BROWSABLE" />
108-->src/main/AndroidManifest.xml:45:17-77
108-->src/main/AndroidManifest.xml:45:27-75
109
110                <action android:name="android.intent.action.VIEW" />
110-->src/main/AndroidManifest.xml:42:17-68
110-->src/main/AndroidManifest.xml:42:25-66
111
112                <data android:scheme=" " />
112-->src/main/AndroidManifest.xml:41:17-50
112-->src/main/AndroidManifest.xml:41:23-48
113            </intent-filter>
114        </activity>
115
116        <provider
116-->src/main/AndroidManifest.xml:85:9-93:20
117            android:name="io.dcloud.common.util.DCloud_FileProvider"
117-->src/main/AndroidManifest.xml:86:13-69
118            android:authorities="com.android.UniPlugin.dc.fileprovider"
118-->src/main/AndroidManifest.xml:87:13-72
119            android:exported="false"
119-->src/main/AndroidManifest.xml:88:13-37
120            android:grantUriPermissions="true" >
120-->src/main/AndroidManifest.xml:89:13-47
121            <meta-data
121-->src/main/AndroidManifest.xml:90:13-92:64
122                android:name="android.support.FILE_PROVIDER_PATHS"
122-->src/main/AndroidManifest.xml:91:17-67
123                android:resource="@xml/dcloud_file_provider" />
123-->src/main/AndroidManifest.xml:92:17-61
124        </provider>
125
126        <meta-data
126-->src/main/AndroidManifest.xml:94:9-96:64
127            android:name="dcloud_appkey"
127-->src/main/AndroidManifest.xml:95:13-41
128            android:value="75be84c7498a40744248d44887e26427" />
128-->src/main/AndroidManifest.xml:96:13-61
129
130        <activity
130-->[lib.5plus.base-release.aar] AndroidManifest.xml:173:9-176:40
131            android:name="io.dcloud.imagepick.CustomGalleryActivity"
131-->[lib.5plus.base-release.aar] AndroidManifest.xml:174:13-69
132            android:exported="false"
132-->[lib.5plus.base-release.aar] AndroidManifest.xml:175:13-37
133            android:noHistory="true" />
133-->[lib.5plus.base-release.aar] AndroidManifest.xml:176:13-37
134        <activity
134-->[lib.5plus.base-release.aar] AndroidManifest.xml:177:9-181:58
135            android:name="io.dcloud.feature.nativeObj.photoview.PhotoActivity"
135-->[lib.5plus.base-release.aar] AndroidManifest.xml:178:13-79
136            android:exported="false"
136-->[lib.5plus.base-release.aar] AndroidManifest.xml:179:13-37
137            android:noHistory="false"
137-->[lib.5plus.base-release.aar] AndroidManifest.xml:180:13-38
138            android:theme="@style/DeviceDefault.Light" />
138-->[lib.5plus.base-release.aar] AndroidManifest.xml:181:13-55
139        <activity
139-->[lib.5plus.base-release.aar] AndroidManifest.xml:182:9-192:58
140            android:name="io.dcloud.WebAppActivity"
140-->[lib.5plus.base-release.aar] AndroidManifest.xml:183:13-52
141            android:configChanges="orientation|keyboardHidden|screenSize|mcc|mnc|fontScale"
141-->[lib.5plus.base-release.aar] AndroidManifest.xml:184:13-92
142            android:hardwareAccelerated="true"
142-->[lib.5plus.base-release.aar] AndroidManifest.xml:185:13-47
143            android:icon="@drawable/dcloud_recent"
143-->[lib.5plus.base-release.aar] AndroidManifest.xml:186:13-51
144            android:label="@string/stream_my"
144-->[lib.5plus.base-release.aar] AndroidManifest.xml:187:13-46
145            android:launchMode="singleTask"
145-->[lib.5plus.base-release.aar] AndroidManifest.xml:188:13-44
146            android:screenOrientation="portrait"
146-->[lib.5plus.base-release.aar] AndroidManifest.xml:189:13-49
147            android:taskAffinity=":stream"
147-->[lib.5plus.base-release.aar] AndroidManifest.xml:190:13-43
148            android:theme="@style/DCloudTheme"
148-->[lib.5plus.base-release.aar] AndroidManifest.xml:191:13-47
149            android:windowSoftInputMode="adjustResize" />
149-->[lib.5plus.base-release.aar] AndroidManifest.xml:192:13-55
150        <activity
150-->[lib.5plus.base-release.aar] AndroidManifest.xml:193:9-197:75
151            android:name="io.dcloud.ProcessMediator"
151-->[lib.5plus.base-release.aar] AndroidManifest.xml:194:13-53
152            android:excludeFromRecents="true"
152-->[lib.5plus.base-release.aar] AndroidManifest.xml:195:13-46
153            android:exported="false"
153-->[lib.5plus.base-release.aar] AndroidManifest.xml:196:13-37
154            android:theme="@android:style/Theme.Translucent.NoTitleBar" />
154-->[lib.5plus.base-release.aar] AndroidManifest.xml:197:13-72
155        <activity
155-->[lib.5plus.base-release.aar] AndroidManifest.xml:198:9-204:20
156            android:name="io.dcloud.WebviewActivity"
156-->[lib.5plus.base-release.aar] AndroidManifest.xml:199:13-53
157            android:exported="false"
157-->[lib.5plus.base-release.aar] AndroidManifest.xml:200:13-37
158            android:screenOrientation="portrait"
158-->[lib.5plus.base-release.aar] AndroidManifest.xml:201:13-49
159            android:theme="@style/ThemeNoTitleBar"
159-->[lib.5plus.base-release.aar] AndroidManifest.xml:202:13-51
160            android:windowSoftInputMode="adjustPan" >
160-->[lib.5plus.base-release.aar] AndroidManifest.xml:203:13-52
161        </activity>
162
163        <receiver
163-->[lib.5plus.base-release.aar] AndroidManifest.xml:206:9-214:20
164            android:name="io.dcloud.common.adapter.io.DownloadReceiver"
164-->[lib.5plus.base-release.aar] AndroidManifest.xml:207:13-72
165            android:exported="false" >
165-->[lib.5plus.base-release.aar] AndroidManifest.xml:208:13-37
166            <intent-filter>
166-->[lib.5plus.base-release.aar] AndroidManifest.xml:209:13-213:29
167                <action android:name="android.intent.action.PACKAGE_ADDED" />
167-->[lib.5plus.base-release.aar] AndroidManifest.xml:210:17-78
167-->[lib.5plus.base-release.aar] AndroidManifest.xml:210:25-75
168
169                <data android:scheme="package" /> <!-- HERE! -->
169-->src/main/AndroidManifest.xml:41:17-50
169-->src/main/AndroidManifest.xml:41:23-48
170            </intent-filter>
171        </receiver> <!-- gallery******start -->
172        <activity
172-->[lib.5plus.base-release.aar] AndroidManifest.xml:217:9-222:63
173            android:name="com.dmcbig.mediapicker.PickerActivity"
173-->[lib.5plus.base-release.aar] AndroidManifest.xml:218:13-65
174            android:configChanges="orientation|screenSize"
174-->[lib.5plus.base-release.aar] AndroidManifest.xml:219:13-59
175            android:exported="false"
175-->[lib.5plus.base-release.aar] AndroidManifest.xml:220:13-37
176            android:theme="@style/DeviceDefault.Light"
176-->[lib.5plus.base-release.aar] AndroidManifest.xml:221:13-55
177            android:windowSoftInputMode="stateAlwaysHidden" />
177-->[lib.5plus.base-release.aar] AndroidManifest.xml:222:13-60
178        <activity
178-->[lib.5plus.base-release.aar] AndroidManifest.xml:223:9-228:63
179            android:name="com.dmcbig.mediapicker.PreviewActivity"
179-->[lib.5plus.base-release.aar] AndroidManifest.xml:224:13-66
180            android:configChanges="orientation|screenSize"
180-->[lib.5plus.base-release.aar] AndroidManifest.xml:225:13-59
181            android:exported="false"
181-->[lib.5plus.base-release.aar] AndroidManifest.xml:226:13-37
182            android:theme="@style/DeviceDefault.Light"
182-->[lib.5plus.base-release.aar] AndroidManifest.xml:227:13-55
183            android:windowSoftInputMode="stateAlwaysHidden" /> <!-- gallery******end -->
183-->[lib.5plus.base-release.aar] AndroidManifest.xml:228:13-60
184        <!--
185            <provider
186            android:name="io.dcloud.common.util.DCloud_FileProvider"
187            android:authorities="${apk.applicationId}.dc.fileprovider"
188            android:exported="false"
189            android:grantUriPermissions="true">
190            <meta-data
191                android:name="android.support.FILE_PROVIDER_PATHS"
192                android:resource="@xml/dcloud_file_provider" />
193        </provider>
194        -->
195        <!--
196            <meta-data
197            android:name="DCLOUD_STREAMAPP_CHANNEL"
198            android:value="io.dcloud.%APPID%|%APPID%|" />
199        -->
200        <meta-data
200-->[lib.5plus.base-release.aar] AndroidManifest.xml:249:9-251:35
201            android:name="android.max_aspect"
201-->[lib.5plus.base-release.aar] AndroidManifest.xml:250:13-46
202            android:value="2.4" />
202-->[lib.5plus.base-release.aar] AndroidManifest.xml:251:13-32
203
204        <activity
204-->[lib.5plus.base-release.aar] AndroidManifest.xml:253:9-258:63
205            android:name="io.dcloud.feature.gallery.imageedit.IMGEditActivity"
205-->[lib.5plus.base-release.aar] AndroidManifest.xml:254:13-79
206            android:configChanges="orientation|keyboardHidden|screenSize"
206-->[lib.5plus.base-release.aar] AndroidManifest.xml:255:13-74
207            android:exported="false"
207-->[lib.5plus.base-release.aar] AndroidManifest.xml:256:13-37
208            android:theme="@style/ImageEditTheme"
208-->[lib.5plus.base-release.aar] AndroidManifest.xml:257:13-50
209            android:windowSoftInputMode="stateAlwaysHidden" />
209-->[lib.5plus.base-release.aar] AndroidManifest.xml:258:13-60
210
211        <service
211-->[lib.5plus.base-release.aar] AndroidManifest.xml:260:9-263:72
212            android:name="io.dcloud.ads.base.service.DownloadService"
212-->[lib.5plus.base-release.aar] AndroidManifest.xml:261:13-70
213            android:exported="false"
213-->[lib.5plus.base-release.aar] AndroidManifest.xml:262:13-37
214            android:permission="android.permission.BIND_JOB_SERVICE" />
214-->[lib.5plus.base-release.aar] AndroidManifest.xml:263:13-69
215
216        <receiver
216-->[uniapp-v8-release.aar] AndroidManifest.xml:30:9-34:20
217            android:name="com.taobao.weex.WXGlobalEventReceiver"
217-->[uniapp-v8-release.aar] AndroidManifest.xml:31:13-65
218            android:enabled="true"
218-->[uniapp-v8-release.aar] AndroidManifest.xml:32:13-35
219            android:exported="false" >
219-->[uniapp-v8-release.aar] AndroidManifest.xml:33:13-37
220        </receiver>
221    </application>
222
223</manifest>